[    0.000000] Linux ersion 4.15.058-generic (buildd@lcy01-amd64013) (gccversion 7.4.0 (Ubuntu 7.4.0-1ubuntu1~18.4.1)) #64-Ubuntu SP Tue Aug 6 11:12:41 UTC 2019 (Ubuntu 4.15.0-58.64-generic 4.15.18)
[    0.000000] Comman line: OOT_IMAGE=/boot/vmliuz-415.0-58-generic root=UUID=b84f0176-44b1-4c9f-994d-2a772374f7f6 ro console=tty1 console=ttyS0
[    0.000000] KERNEL supported cpus:
[    0.000000]   Intel GenuineIntel
[    0.000000]   AMD AuthenticAMD
[    0.000000]   Centaur CentaurHauls
[    0.000000] x86/fpu: Supporting XSAVE feature 0x001: 'x87 floatingpoin registers'
[     0.000000] x8/fpu:Supportin XSAVE feature 0002: 'SSE registers'
[    0.00000] x86/fpu: Supporting XSAVE feature 0x004: 'AVX reisters'
[    0.000000] x86/fpu: xstate_offset[2]:  576, xstate_sizes[2]:  256
[    0.000000] x86/fpu: Enabled xstate features 0x7, context size is 832 bytes, using 'standard' format.
[    0.000000] e820: BIOS-provided physical RAM map:
[    0.000000] BIOS-e820: [mem 0x0000000000000000-0x000000000009fbff] usable
[    0.000000] BIOS-e820: [mem 0x000000000009fc00-0x000000000009ffff] reserved
[    0.000000] BIOS-e820: [mem 0x00000000000f0000-0x00000000000fffff] reserved
[    0.000000] BIOS-e820: [mem 0x0000000000100000-0x000000003ffeffff] usable
[    0.000000] BIOS-e820: [mem 0x000000003fff0000-0x000000003fffffff] ACPI data
[    0.000000] BIOS-e820: [mem 0x00000000fec00000-0x00000000fec00fff] reserved
[    0.000000] BIOS-e820: [mem 0x00000000fee00000-0x00000000fee00fff] reserved
[    0.000000] BIOS-e820: [mem 0x00000000fffc0000-0x00000000ffffffff] reserved
[    0.000000] NX (Execute Disable) protection: actve
[    0.000000] SMBIOS 2.5 present.
[    0.000000] DMI: innotek GmbH VirtualBox/VirtualBox, BIOS VirtualBox 12/01/2006
[    0.000000] Hypervisor detected: KVM
[    0.000000] e820: last_pfn = 0x3fff0 max_arch_pfn = 0x400000000
[    0.000000] MTRR: Disabled
[    0.000000] x86/PAT: MTRRs disabled, skipping PAT initialization too.
[    0.000000] CPU MTRRs all blank - virtualized system.
[    0.000000] x86/PAT: Configuration [0-7]: WB  WT  UC- UC  WB  WT  UC- UC  
[    0.000000] found SMP MP-table at [mem 0x0009fff0-0x0009ffff] mapped at [        (ptrval)]
[    0.000000] Scanning 1 areas for low memory corruption
[    0.000000] RAMDISK: [mem 0x35987000-0x36cbafff]
[    0.000000] ACPI: Early table checksum verification disabled
[    0.000000] ACPI: RSDP 0x00000000000E0000 000024 (v02 VBOX  )
[    0.000000] ACPI: XSDT 0x000000003FFF0030 00003C (v01 VBOX   VBOXXSDT 00000001 ASL  00000061)
[    0.000000] ACPI: FACP 0x000000003FFF00F0 0000F4 (v04 VBOX   VBOXFACP 00000001 ASL  00000061)
[    0.000000] ACPI: DSDT 0x000000003FFF0470 0021FF (v02 VBOX   VBOXBIOS 00000002 INTL 20100528)
[    0.000000] ACPI: FACS 0x000000003FFF0200 000040
[    0.000000] ACPI: FACS 0x000000003FFF0200 000040
[    0.000000] ACPI: APIC 0x000000003FFF0240 00005C (v02 VBOX   VBOXAPIC 00000001 ASL  00000061)
[    0.000000] ACPI: SSDT 0x000000003FFF02A0 0001CC (v01 VBOX   VBOXCPUT 00000002 INTL 20100528)
[    0.000000] No NUMA configuration found
[    0.000000] Faking a node at [mem 0x0000000000000000-0x000000003ffeffff]
[    0.000000] NODE_DATA(0) allocated [mem 0x3ffc5000-0x3ffeffff]
[    0.000000] kvm-clock: cpu 0, msr 0:3ff44001, primary cpu clock
[    0.000000] kvm-clock: Using msrs 4b564d01 and 4b564d00
[    0.000000] kvm-clock: using sched offset of 6518862535 cycles
[    0.000000] clocksource: kvm-clock: mask: 0xffffffffffffffff max_ycles: 0x1cd42e4dffb, max_idle_ns: 881590591483 ns
[    0.000000] Zone ranges:
[    0.000000]   DMA      [mem 0x0000000000001000-0x0000000000ffffff]
[    0.000000]   DMA32    [mem 0x0000000001000000-0x000000003ffeffff]
[    0.000000]   Normal   empty
[    0.000000]   Device   empty
[    0.000000] Movable zone start for each node
[    0.000000] Early memory node ranges
[    0.000000]   node   0: [mem 0x000000000001000-0x000000000009efff]
[    0.000000]   node   0: [mem 0x0000000000100000-0x000000003ffeffff]
[    0000000] Reserved bu unavilable: 98 pags
[    0000000] Initmem setup node 0 [mem 0x0000000000001000-0x000000003ffeffff]
[    0.000000] ACPI: PM-Timer IO Port: 0x4008
[    0.000000] IOAPIC[0]: apic_id 2, version 32, address 0xfec00000, GSI 0-23
[    0.000000] ACPI: INT_SRC_OVR (bus 0 bus_irq 0 global_irq 2 dfl dfl)
[    0.000000] ACPI: INT_SRCOVR (bu 0 bus_irq 9 global_iq 9 low level
[    0.00000] UsingACPI (MADT) for SMP onfiguraion informatin
[    0.00000] smpboot: Allowing2 CPUs,  hotplug CPUs
[    0.000000] PM: Registered nosave memory: [mem 0x00000000-0x00000fff]
[    0.000000] PM: Registered nosave memory: [mem 0x0009f000-0x0009ffff]
[    0.000000] PM: egistere nosve memory: [mem 0x000a0000-0x000efff]
[    0.00000] PM: Registered nosave memory: [mem 0x000f0000-0x000ffff]
[    0.000000] e820: [mem 0x40000000-0xfebfffff] available for PCI devices
[    0.000000] Booting paravirtualized kernel on KVM
[    0.000000] clocksource: refined-jiffies: mask: 0xffffffff max_cycles: 0xffffffff, max_idle_ns: 7645519600211568 ns
[    0.000000] random: get_random_bytes called from start_kernel+0x99/0x4fd wit crng_init=0
[    0.000000] setup_percpu: NR_CPUS:8192 nr_cpumask_bits:2 nr_cpu_ids:2 nr_node_ids:1
[    0.000000] percpu: Embedded 46 pages/cpu @        (ptrval) s151552 r8192 d28672 u1048576
[    0.000000] PV qspinlock hash table entries: 256 (order: 0, 4096 bytes)
[    0.000000] Built 1 zonelists, mobility grouping on.  Total pages: 257913
[    0.000000] Policy zone: DMA32
[    0.000000] Kernel command line: BOOT_IMAGE=/boot/vmlinuz-4.15.0-58-generic root=UUID=b84f0176-44b1-4c9f-994d-2a772374f7f6 ro console=tty1 console=ttyS0
[    0.000000] Memory: 982932K/1048120K available (12300K kernel code, 2478K rwdata, 4280K rodata, 2424K init, 2384K bss, 65188K reserved, 0K cma-reserved)
[   0.000000] SLUB: HWalign=64, Order=0-3, MinObjects=0, CPUs=2, Nodes=1
[    0.000000] Kernel/User page tables isolation: enabled
[    0.000000] ftrace: allocating 39243 entries in 154 pages
[    0.004000] Hierarchical RU implementation.
[    0.004000] 	RCU restricting CPUs from NR_CPUS=8192 to nr_cpu_ids=2.
[    0.004000] 	Tasks RCU enabled.
[    0.004000] RCU:Adjustng geometr forrcu_fanout_leaf=16, nr_cpu_ids=2
[    0.004000] NR_IRQS: 524544, nr_irqs: 440, preallocated irqs: 16
[    0.004000] Console: colour VGA+ 80x25
[    0.004000] console [tty1] enabled
[    0.004000] cnsole [tyS0] enabled[    0.004000] ACPI: Core revision 20170831
[    0.004000] ACPI: 2 ACPI AML tables successfully acquired and loaded
[    0.004000] APIC: Switch to symmetric I/O mode setup
[    0.004000] x2apic enabled
[    0.004000] Switched APIC routing to physical x2apic.
[    0.05414] ..TIMER: vector=0x30 apic1=0 pin1=2 apic2=-1 pin2=-1
[    0.008005] tsc: Detected 1800.000 MHz processor
[    0.012013] Calibrating delay loop (skipped) preset value.. 3600.00 BogoMIPS (lpj=7200000)
[    0.016008] pid_max: default: 32768 minimum: 301
[    0.020045] Security Framework initialized
[    0.024005] Yama: becoming mindful.
[    0.028033] AppArmor: AppArmor initialized
[    0.033906] Dentry cache hash table entries: 131072 (order: 8, 1048576 bytes)
[    0.036084] Inode-cache hash table entries: 65536 (order: 7, 524288 bytes)
[    0.040024] Mount-cache hash table entries: 2048 (order: 2, 16384 bytes)
[    0.044012] Mountpoint-cache hash table entries: 2048 (order: 2, 16384 bytes)
[    0.048273] mce: CPU supports 0 MCE banks
[    0.049806] Last level iTLB entries: 4KB 64, 2MB 8, 4MB 8
[    0.052004] Last level dTLB entries: 4KB 64, 2MB 0, 4MB 0, 1GB 4
[    0.056004] Spectre V1 : Mitigation: usercopy/swapgs barriers and __user pointer sanitization
[    0.060008] Spectre V2 : Mitigation: Full generic retpoline
[    0.064006] Spectre V2 : Spectre v2 / SpectreRSB mitigation: Filling RSB on context switch
[    0.068006] Speculative Store Bypass: Vulnerable
[    0.072056] MDS: Vulnerable: Clear CPU buffers attempted, no microcode
[    0.076092] Freeing SMP alternatives memory: 36K
[    0.084000] smpboot: CPU0: Intel(R) Core(TM) i5-5350U CPU @ 1.80GHz (family: 0x6, model: 0x3d, stepping: 0x4)
[    0.084118] Performance Events: unsupported p6 CPU model 61 no PMU driver, software events only.
[    0.088067] Hierarchical SRCU implementation.
[    0.092280] NMI watchdog: Perf event create on CPU 0 failed with -2
[    0.096008] NMI watchdog: Perf NMI watchdog permanently disabled
[    0.098495] smp: Bringing up secondary CPUs ...
[    0.100123] x86: Booting SMP configuration:
[    0.101679] .... node  #0, CPUs:      #1
[    0.004000] kvm-clock: cpu 1, msr 0:3ff44041, secondary cpu clock
[    0.004000] mce: CPU supports 0 MCE banks
[    0.111345] smp: Brought up 1 node, 2 CPUs
[    0.112014] smpboot: Max logical packages: 1
[    0.116012] smpboot: Total of 2 processors activated (7200.00 BogoMIPS)
[    0.120245] devtmpfs: initialized
[    0.121758] x86/mm: Memory block size: 128MB
[    0.124290] evm: security.selinux
[    0.128013] evm: security.SMACK64
[    0.130189] evm: security.SMACK64EXEC
[    0.132034] evm: security.SMACK64TRANSMUTE
[    0.136009] evm: security.SMACK64MMAP
[    0.138446] evm: security.apparmor
[    0.140009] evm: security.ima
[    0.144010] evm: security.capability
[    0.148212] clocksource: jiffies: mask: 0xffffffff max_cycles: 0xffffffff, max_idle_ns: 7645041785100000 ns
[    0.152032] futex hash table entries: 512 (order: 3, 32768 bytes)
[    0.156159] pinctrl core: initialized pinctrl subsystem
[    0.164365] RTC time:  9:42:29, date: 09/05/19
[    0.168467] NET: Registered protocol family 16
[    0.172186] audit: initializing netlink subsys (disabled)
[    0.176336] audit: type=2000 audit(1567676554.460:1): state=initialized audit_enabled=0 res=1
[    0.184018] cpuidle: using governor ladder
[    0.188086] cpuidle: using governor menu
[    0.192087] ACPI: bus type PCI registered
[    0.196011] acpiphp: ACPI Hot Plug PCI Controller Driver version: 0.5
[    0.200322] PCI: Using configuration type 1 for base access
[    0.209149] HugeTLB registered 2.00 MiB page size, pre-allocated 0 pages
[    0.212194] ACPI: Added _OSI(Module Device)
[    0.213995] ACPI: Added _OSI(Processor Device)
[    0.216013] ACPI: Added _OSI(3.0 _SCP Extensions)
[    0.218419] ACPI: Added _OSI(Processor Aggregator Device)
[    0.220015] ACPI: Added _OSI(Linux-Dell-Video)
[    0.222151] ACPI: Added _OSI(Linux-Lenovo-NV-HDMI-Audio)
[    0.224012] ACPI: Added _OSI(Linux-HPI-Hybrid-Graphics)
[    0.228359] ACPI: Executed 1 blocks of module-level executable AML code
[    0.234578] ACPI: Interpreter enabled
[    0.235882] ACPI: (supports S0 S5)
[    0.236009] ACPI: Using IOAPIC for interrupt routing
[    0.238272] PCI: Using host bridge windows from ACPI; if necessary, use "pci=nocrs" and report a bug
[    0.240287] ACPI: Enabled 2 GPEs in block 00 to 07
[    0.256089] ACPI: PCI Root Bridge [PCI0] (domain 0000 [bus 00-ff])
[    0.260012] acpi PNP0A03:00: _OSC: OS supports [ASPM ClockPM Segments MSI]
[    0.264061] acpi PNP0A03:00: _OSC: not requesting OS control; OS requires [ExtendedConfig ASPM ClockPM MSI]
[    0.268028] acpi PNP0A03:00: fail to add MMCONFIG information, can't access extended PCI configuration space under this bridge.
[    0.272651] PCI host bridge to bus 0000:00
[    0.276040] pci_bus 0000:00: root bus resource [io  0x0000-0x0cf7 window]
[    0.280006] pci_bus 0000:00: root bus resource [io  0x0d00-0xffff window]
[    0.284007] pci_bus 0000:00: root bus resource [mem 0x000a0000-0x000bffff window]
[    0.288009] pci_bus 0000:00: root bus resource [mem 0x40000000-0xfdffffff window]
[    0.292007] pci_bus 0000:00: root bus resource [bus 00-ff]
[    0.301825] pci 0000:00:01.1: legacy IDE quirk: reg 0x10: [io  0x01f0-0x01f7]
[    0.304005] pci 0000:00:01.1: legacy IDE quirk: reg 0x14: [io  0x03f6]
[    0.308005] pci 0000:00:01.1: legacy IDE quirk: reg 0x18: [io  0x0170-0x0177]
[    0.312006] pci 0000:00:01.1: legacy IDE quirk: reg 0x1c: [io  0x0376]
[    0.343505] pci 0000:00:07.0: quirk: [io  0x4000-0x403f] claimed by PIIX4 ACPI
[    0.344032] pci 0000:00:07.0: quirk: [io  0x4100-0x410f] claimed by PIIX4 SMB
[    0.365818] ACPI: PCI Interrupt Link [LNKA] (IRQs 5 9 10 *11)
[    0.372344] ACPI: PCI Interrupt Link [LNKB] (IRQs 5 9 *10 11)
[    0.376204] ACPI: PCI Interrupt Link [LNKC] (IRQs 5 *9 10 11)
[    0.380277] ACPI: PCI Interrupt Link [LNKD] (IRQs 5 9 10 *11)
[    0.384531] SCSI subsystem initialized
[    0.388076] pci 0000:00:02.0: vgaarb: setting as boot VGA device
[    0.392000] pci 0000:00:02.0: vgaarb: VGA device added: decodes=io+mem,owns=io+mem,locks=none
[    0.392008] pci 0000:00:02.0: vgaarb: bridge control possible
[    0.396004] vgaarb: loaded
[    0.404011] ACPI: bus type USB registered
[    0.408038] usbcore: registered new interface driver usbfs
[    0.412024] usbcore: registered new interface driver hub
[    0.416048] usbcore: registered new device driver usb
[    0.420095] EDAC MC: Ver: 3.0.0
[    0.424430] PCI: Using ACPI for IRQ routing
[    0.428490] NetLabel: Initializing
[    0.432004] NetLabel:  domain hash size = 128
[    0.436004] NetLabel:  protocols = UNLABELED CIPSOv4 CALIPSO
[    0.440025] NetLabel:  unlabeled traffic allowed by default
[    0.444119] clocksource: Switched to clocksource kvm-clock
[    0.486418]VFS: Disk qutas dquot6.6.0
[    0.560513] VFS Dquot-cahe hash tableentries:512 (order 0 4096 btes)
[    0.05519] ApArmor: AppArmor Filsystem Enabled
[    0.780674] pnp: PnP ACPI init
[    0.783677] pnp: PnP ACPI: found 3 devices

[    0.799590] clocksource: acpi_pm: mask: 0xffffff max_cycles: 0xffffff, max_idle_ns: 2085701024 ns
[    0.803905] NET: Registered protocol family 2
[    0.809165] TCP established hash table entries: 8192 (order: 4, 65536 bytes)
[    0.814847] TCP bind hash table entries: 8192 (order: 5, 131072 bytes)
[    0.818624] TCP: Hash tables configured (established 8192 bind 8192)
[    0.822442] UDP hash table entries: 512 (order: 2, 16384 bytes)
[    0.826416] UDP-Lite hash table entries: 512 (order: 2, 16384 bytes)
[    0.830010 NET: Registered protocol family 1
[  0.871292] pc 00000:00.0 Limiting directPCI/CI transfers
[    1.01695] pc 0000:0001.0 Activting IAA DMA hang workarounds
[    1.246598] pci 0000:00:02.0: Video device wit shadowd ROM at [me 0x000c000-0x00dffff]
[    1.69724] Upacking nitramf...

[    1.790149] Freeing initrd memory: 19664K
[    1.808997] clocksource: tsc: mask: 0xffffffffffffffff max_cycles: 0x19f2297dd97, max_idle_ns: 440795236593 ns
[    1.881226] platform rtc_cmos: registered platform RTC device (no PNP device found)
[    1.886804] Scanning for low memory corruption every 60 seconds
[    1.922645] Initialise system trusted keyrings
[    1.924033] Key type blacklist registered
[    1.925603] workingset: timestamp_bits=36 max_order=18 bucket_order=0
[    1.929054] zbud: loaded
[    1.930709] squashfs: version 4.0 (2009/01/31) Phillip Lougher
[    1.934885] fuse init (API version 7.26)
[    1.947420] Key type asymmetric registered
[    1.948838] Asymmetric key parser 'x509' registered
[    1.950348] Block layer SCSI generic (bsg) driver version 0.4 loaded (major 246)
[    1.952850] io scheduler noop registered
[    1.954045] io scheduler deadline registered
[    1.955359] io scheduler cfq registered (default)
[    1.957632] ACPI: AC Adapter [AC] (on-line)
[    1.962166] input: Power Button as /devices/LNXSYSTM:00/LNXPWRBN:00/input/input0
[    1.966373] ACPI: Power Button [PWRF]
[    1.968484] input: Sleep Button as /devices/LNXSYSTM:00/LNXSLPBN:00/input/input1
[    1.979754] ACPI: Sleep Button [SLPF]
[    1.986146] Serial: 8250/16550 driver, 32 ports, IRQ sharing enabled
[    1.989358] ACPI: Battery Slot [BAT0] (battery present)
[    2.033303] 00:02: ttyS0 at I/O 0x3f8 (irq = 4, base_baud = 115200) is a 16550A
[    2.065417] Linux agpgart interface v0.103
[    2.069217] loop: module loaded
[    2.071524] scsi host0: ata_piix
[    2.072929] scsi host1: ata_piix
[    2.074269] ata1: PATA max UDMA/33 cmd 0x1f0 ctl 0x3f6 bmdma 0xd000 irq 14
[    2.078549] ata2: PATA max UDMA/33 cmd 0x170 ctl 0x376 bmdma 0xd008 irq 15
[    2.083521] libphy: Fixed MDIO Bus: probed
[    2.085159] tun: Universal TUN/TAP device driver, 1.6
[    2.087013] PPP generic driver version 2.4.2
[    2.088948] ehci_hcd: USB 2.0 'Enhanced' Host Controller (EHCI) Driver
[    2.091432] ehci-pci: EHCI PCI platform driver
[    2.093236] ehci-platform: EHCI generic platform driver
[    2.100783] ohci_hcd: USB 1.1 'Open' Host Controller (OHCI) Driver
[    2.102700] ohci-pci: OHCI PCI platform driver
[    2.104544] ohci-platform: OHCI generic platform driver
[    2.106192] uhci_hcd: USB Universal Host Controller Interface driver
[    2.169150] i8042: PNP: PS/2 Controller [PNP0303:PS2K,PNP0f03:PS2M] at 0x60,0x64 irq 1,12
[    2.204072] serio: i8042 KBD port at 0x60,0x64 irq 1
[    2.232550] serio: i8042 AUX port at 0x60,0x64 irq 12
[    2.273587] mousedev: PS/2 mouse device common for all mice
[    2.305437] rtc_cmos rtc_cmos: rtc core: registered rtc_cmos as rtc0
[    2.350054] rtc_cmos rtc_cmos: alarms up to one day, 114 bytes nvram
[    2.392372] i2c /dev entries driver
[    2.401091] input: AT Translated Set 2 keyboard as /devices/platform/i8042/serio0/input/input2
[    2.408131] device-mapper: uevent: version 1.0.3
[    2.459864] device-mapper: ioctl: 4.37.0-ioctl (2017-09-20) initialised: dm-devel@redhat.com
[    2.495666] ledtrig-cpu: registered to indicate activity on CPUs
[    2.518478] NET: Registered protocol family 10
[    2.538713] Segment Routing with IPv6
[    2.556504] NET: Registered protocol family 17
[    2.569557] Key type dns_resolver registered
[    2.586619] RAS: Correctable Errors collector initialized.
[    2.608394] sched_clock: Marking stable (2608356324, 0)->(5835096180, -3226739856)
[    2.643104] registered taskstats version 1
[    2.689105] Loading compiled-in X.509 certificates
[    2.694155] Loaded X.509 cert 'Build time autogenerated kernel key: e343dd3e31c9820cf0adf0156bc2eecdcfc394af'
[    2.719671] zswap: loaded using pool lzo/zbud
[    2.727535] Key type big_key registered
[    2.753044] Key type trusted registered
[    2.778594] Key type encrypted registered
[    2.794059] AppArmor: AppArmor sha1 policy hashing enabled
[    2.808135] ima: No TPM chip found, activating TPM-bypass! (rc=-19)
[    2.829575] ima: Allocated hash algorithm: sha1
[    2.861556] evm: HMAC attrs: 0x1
[    2.879930]   Magic number: 3:32:727
[    2.914265] block loop7: hash matches
[    2.931228] rtc_cmos rtc_cmos: setting system clock to 2019-09-05 09:42:32 UTC (1567676552)
[    2.960590] BIOS EDD facility v0.16 2004-Jun-25, 0 devices found
[    2.980048] EDD information not available.
[    3.002329] Freeing unused kernel image memory: 2424K
[    3.059497] Write protecting the kernel read-only data: 20480k
[    3.065565] Freeing unused kernel image memory: 2008K
[    3.069096] Freeing unused kernel image memory: 1864K
[    3.085814] x86/mm: Checked W+X mappings: passed, no W+X pages found.
[    3.087856] x86/mm: Checking user space page tables
[    3.106712] x86/mm: Checked W+X mappings: passed, no W+X pages found.
Loading, please wait...
starting version 237
[    3.312329] e1000: Intel(R) PRO/1000 Network Driver - version 7.3.21-k8-NAPI
[    3.315707] e1000: Copyright (c) 1999-2006 Intel Corporation.
[    3.319595] Fusion MPT base driver 3.04.20
[    3.321774] Copyright (c) 1999-2008 LSI Corporation
[    3.329922] AVX2 version of gcm_enc/dec engaged.
[    3.331854] AES CTR mode by8 optimization enabled
[    3.357320] Fusion MPT SPI Host driver 3.04.20
[    3.509619] input: ImExPS/2 Generic Explorer Mouse as /devices/platform/i8042/serio1/input/input4
[    3.800105] e1000 0000:00:03.0 eth0: (PCI:33MHz:32-bit) 02:06:b1:f3:7b:7f
[    3.840470] e1000 0000:00:03.0 eth0: Intel(R) PRO/1000 Network Connection
[    4.292781] e1000 0000:00:08.0 eth1: (PCI:33MHz:32-bit) 08:00:27:46:aa:ff
[    4.310110] e1000 0000:00:08.0 eth1: Intel(R) PRO/1000 Network Connection
[    4.314618] e1000 0000:00:03.0 enp0s3: renamed from eth0
[    4.326408] mptbase: ioc0: Initiating bringup
[    4.341759] e1000 0000:00:08.0 enp0s8: renamed from eth1
[    4.799333] ioc0: LSI53C1030 A0: Capabilities={Initiator}
[    6.296420] scsi host2: ioc0: LSI53C1030 A0, FwRev=00000000h, Ports=1, MaxQ=256, IRQ=20
[    7.961678] scsi 2:0:0:0: Direct-Access     VBOX     HARDDISK         1.0  PQ: 0 ANSI: 5
[    8.044275] scsi target2:0:0: Beginning Domain Validation
[    8.061106] scsi target2:0:0: Domain Validation skipping write tests
[    8.062925] scsi target2:0:0: Ending Domain Validation
[    8.064564] scsi target2:0:0: asynchronous
[    8.066688] scsi 2:0:1:0: Direct-Access     VBOX     HARDDISK         1.0  PQ: 0 ANSI: 5
[    8.100543] scsi target2:0:1: Beginning Domain Validation
[    8.130227] random: fast init done
[    8.348022] scsi target2:0:1: Domain Validation skipping write tests
[    8.350046] scsi target2:0:1: Ending Domain Validation
[    8.351649] scsi target2:0:1: asynchronous
[    8.359854] random: systemd-udevd: uninitialized urandom read (16 bytes read)
[    8.362538] random: systemd-udevd: uninitialized urandom read (16 bytes read)
[    8.362594] sd 2:0:0:0: Attached scsi generic sg0 type 0
[    8.365334] random: systemd-udevd: uninitialized urandom read (16 bytes read)
[    8.397347] sd 2:0:0:0: [sda] 20971520 512-byte logical blocks: (10.7 GB/10.0 GiB)
[    8.401469] sd 2:0:1:0: Attached scsi generic sg1 type 0
[    9.246344] sd 2:0:0:0: [sda] Write Protect is off
[    9.268943] sd 2:0:1:0: [sdb] 20480 512-byte logical blocks: (10.5 MB/10.0 MiB)
[    9.277832] sd 2:0:0:0: [sda] Incomplete mode parameter data
[   10.245369] sd 2:0:0:0: [sda] Assuming drive cache: write through
[   10.247932] sd 2:0:1:0: [sdb] Write Protect is off
[   10.250643]  sda: sda1
[   10.253536] sd 2:0:1:0: [sdb] Incomplete mode parameter data
[   10.254682] sd 2:0:0:0: [sda] Attached SCSI disk
[   10.265108] sd 2:0:1:0: [sdb] Assuming drive cache: write through
[   10.304189] sd 2:0:1:0: [sdb] Attached SCSI disk
Begin: Loading essential drivers ... [   11.829336] raid6: sse2x1   gen() 10575 MB/s
[   11.898657] raid6: sse2x1   xor()  6879 MB/s
[   11.968476] raid6: sse2x2   gen() 12565 MB/s
[   12.028846] raid6: sse2x2   xor()  7688 MB/s
[   12.088977] raid6: sse2x4   gen() 13748 MB/s
[   12.152242] raid6: sse2x4   xor()  8166 MB/s
[   12.216526] raid6: avx2x1   gen() 21831 MB/s
[   12.288653] raid6: avx2x1   xor() 11613 MB/s
[   12.368458] raid6: avx2x2   gen() 19051 MB/s
[   12.420118] raid6: avx2x2   xor()  6166 MB/s
[   12.472381] raid6: avx2x4   gen() 10803 MB/s
[   12.520547] raid6: avx2x4   xor() 13327 MB/s
[   12.540744] raid6: using algorithm avx2x1 gen() 21831 MB/s
[   12.542764] raid6: .... xor() 11613 MB/s, rmw enabled
[   12.544747] raid6: using avx2x2 recovery algorithm
[   12.548235] xor: automatically using best checksumming function   avx       
[   12.560295] async_tx: api initialized (async)
done.
Begin: Running /scripts/init-premount ... done.
Begin: Mounting root file system ... Begin: Running /scripts/local-top ... done.
Begin: Running /scripts/local-premount ... [   12.626736] Btrfs loaded, crc32c=crc32c-intel
Scanning for Btrfs filesystems
done.
Warning: fsck not present, so sk[   12.697024] EXT4-fs (sda1): INFO: recovery required on readonly filesystem
ipping root file system
[   12.718643] EXT4-fs (sda1): write access will be enabled during recovery
[   12.903532] EXT4-fs (sda1): orphan cleanup on readonly fs
[   12.923781] EXT4-fs (sda1): 3 orphan inodes deleted
[   12.930951] EXT4-fs (sda1): recovery complete
[   12.943176] EXT4-fs (sda1): mounted filesystem with ordered data mode. Opts: (null)
done.
Begin: Running /scripts/local-bottom ... done.
Begin: Running /scripts/init-bottom ... done.
[   13.288114] ip_tables: (C) 2000-2006 Netfilter Core Team
[   14.259816] systemd[1]: systemd 237 running in system mode. (+PAM +AUDIT +SELINUX +IMA +APPARMOR +SMACK +SYSVINIT +UTMP +LIBCRYPTSETUP +GCRYPT +GNUTLS +ACL +XZ +LZ4 +SECCOMP +BLKID +ELFUTILS +KMOD -IDN2 +IDN -PCRE2 default-hierarchy=hybrid)
[   14.266397] systemd[1]: Detected virtualization oracle.
[   14.267962] systemd[1]: Detected architecture x86-64.

Welcome to [1mUbuntu 18.04.2 LTS[0m!

[   14.567593] systemd[1]: Set hostname to <ubuntu-bionic>.
[   16.480644] systemd[1]: Reached target User and Group Name Lookups.
[[0;32m  OK  [0m] Reached target User and Group Name Lookups.
[   17.533330] systemd[1]: Created slice System Slice.
[[0;32m  OK  [0m] Created slice System Slice.
[   17.547168] systemd[1]: Listening on Journal Socket (/dev/log).
[[0;32m  OK  [0m] Listening on Journal Socket (/dev/log).
[   18.270168] systemd[1]: Set up automount Arbitrary Executable File Formats File System Automount Point.
[[0;32m  OK  [0m] Set up automount Arbitrary Executab…rmats File System Automount Point.
[   19.261650] systemd[1]: Reached target System Time Synchronized.
[[0;32m  OK  [0m] Reached target System Time Synchronized.
[   19.289740] systemd[1]: Reached target Swap.
[[0;32m  OK  [0m] Reached target Swap.
[   19.296993] systemd[1]: Listening on Journal Audit Socket.
[[0;32m  OK  [0m] Listening on Journal Audit Socket.
[   19.312564] systemd[1]: Listening on Journal Socket.
[[0;32m  OK  [0m] Listening on Journal Socket.
[   19.321011] systemd[1]: Mounting Huge Pages File System...
         Mounting Huge Pages File System...
[   19.333854] systemd[1]: Listening on udev Control Socket.
[[0;32m  OK  [0m] Listening on udev Control Socket.
[   19.346406] systemd[1]: Started Forward Password Requests to Wall Directory Watch.
[[0;32m  OK  [0m] Started Forward Password Requests to Wall Directory Watch.
[   19.366997] systemd[1]: Starting Load Kernel Modules...
         Starting Load Kernel Modules...
[   19.371386] systemd[1]: Listening on LVM2 poll daemon socket.
[[0;32m  OK  [0m] Listening on LVM2 poll daemon socket.
[   19.376110] systemd[1]: Listening on /dev/initctl Compatibility Named Pipe.
[[0;32m  OK  [0m] Listening on /dev/initctl Compatibility Named Pipe.
         Mounting POSIX Message Queue File System...
         Mounting Kernel Debug File System...
[   19.401521] Loading iSCSI transport class v2.0-870.
[[0;32m  OK  [0m] Listening on [   19.429940] random: crng init done
Device-mapper event daemon FIFOs.
[   19.441531] random: 7 urandom warning(s) missed due to ratelimiting
[[0;32m  OK  [0m] Created slice system-serial\x2dgetty.slice.
[[0;32m  OK  [0[   19.450013] iscsi: registered transport (tcp)
m] Listening on udev Kernel Socket.
[[0;32m  OK  [0m] Listening on Network Service Netlink Socket.
         Starting Remount Root and Kernel File Systems...
[[0;32m  OK  [0m] Listening on Syslog Socket.
[[0;32m  OK  [0m] Created slice User and Session Slice.
[[0;32m  OK  [0m] Reached target Slices.
         Starting Create list of required st…ce nodes for the current kernel...
         Starting Journal Service...
[[0;32m  OK  [0m] Listening on LVM2 metadata daemon socket.
         Starting Monitoring of LVM2 mirrors…ng dmeventd or progress polling...
         Starting udev Coldplug all Devices...
         Starting Set the console keyboard layout...
         Starting Uncomplicated firewall...
[[0;32m  OK  [0m] Mounted Huge Pages File System.[   19.542718] iscsi: registered transport (iser)

[[0;32m  OK  [0m] Mounted POSIX Message Queue File System.
[[0;32m  OK  [0m] Mounted Kernel Debug File System.
[[0;32m  OK  [0m] Started Create list of required sta…vice nodes for the current kernel.
[[0;32m  OK  [0m] Started Load Kernel Modules.
         Starting Apply Kernel Variables...
         Mounting FUSE Control File System...
[   20.277729] EXT4-fs (sda1): re-mounted. Opts: (null)
         Mounting Kernel Configuration File System...
         Starting Create Static Device Nodes in /dev...
[[0;32m  OK  [0m] Started Remount Root and Kernel File Systems.
[[0;32m  OK  [0m] Mounted FUSE Control File System.
[[0;32m  OK  [0m] Mounted Kernel Configuration File System.
         Starting Load/Save Random Seed...
[[0;32m  OK  [0m] Started Journal Service.
[[0;32m  OK  [0m] Started Uncomplicated firewall.
[[0;32m  OK  [0m] Started udev Coldplug all Devices.
[[0;32m  OK  [0m] Started Apply Kernel Variables.
[[0;32m  OK  [0m] Started Create Static Device Nodes in /dev.
[[0;32m  OK  [0m] Started Load/Save Random Seed.
[[0;32m  OK  [0m] Started LVM2 metadata daemon.
         Starting udev Kernel Device Manager...
         Starting Flush Journal to Persistent Storage...
[[0;32m  OK  [0m] Started Monitoring of LVM2 mirrors,…sing dmeventd or progress polling.
[[0;32m  OK  [0m] Started udev Kernel Device Manager.
[[0;32m  OK  [0m] Started Set the console keyboard layout.
[[0;32m  OK  [0m] Started Dispatch Password Requests to Console Directory Watch.
[[0;32m  OK  [0m] Reached target Local Encrypted Volumes.
[[0;32m  OK  [0m] Reached target Local File Systems (Pre).
[[0;32m  OK  [0m] Reached target Local File Systems.
         Starting Set console font and keymap...
         Starting Tell Plymouth To Write Out Runtime Data...
         Starting AppArmor initialization...
         Starting ebtables ruleset management...
[[0;32m  OK  [0m] Started Tell Plymouth To Write Out Runtime Data.
[[0;32m  OK  [0m] Started Set console font and keymap.
[[0;32m  OK  [0m] Started ebtables ruleset management.
[[0;32m  OK  [0m] Started Flush Journal to Persistent Storage.
         Starting Create Volatile Files and Directories...
[[0;32m  OK  [0m] Started Create Volatile Files and Directories.
         Starting Update UTMP about System Boot/Shutdown...
[[0;32m  OK  [0m] Started Update UTMP about System Boot/Shutdown.
[[0;32m  OK  [0m] Found device /dev/ttyS0.
[[0;32m  OK  [0m] Started AppArmor initialization.
         Starting Initial cloud-init job (pre-networking)...
[[0;32m  OK  [0m] Listening on Load/Save RF Kill Switch Status /dev/rfkill Watch.
[   24.389645] cloud-init[527]: Cloud-init v. 19.1-1-gbaa47854-0ubuntu1~18.04.1 running 'init-local' at Thu, 05 Sep 2019 09:42:53 +0000. Up 24.11 seconds.
[[0;32m  OK  [0m] Started Initial cloud-init job (pre-networking).
[[0;32m  OK  [0m] Reached target Network (Pre).
         Starting Network Service...
[[0;32m  OK  [0m] Started Network Service.
         Starting Wait for Network to be Configured...
         Starting Network Name Resolution...
[[0;32m  OK  [0m] Started Network Name Resolution.
[[0;32m  OK  [0m] Reached target Host and Network Name Lookups.
[[0;32m  OK  [0m] Reached target Network.
[[0;32m  OK  [0m] Started Wait for Network to be Configured.
         Starting Initial cloud-init job (metadata service crawler)...
[   26.672464] cloud-init[698]: Cloud-init v. 19.1-1-gbaa47854-0ubuntu1~18.04.1 running 'init' at Thu, 05 Sep 2019 09:42:56 +0000. Up 26.49 seconds.
[   26.676065] cloud-init[698]: ci-info: ++++++++++++++++++++++++++++++++++++++Net device info+++++++++++++++++++++++++++++++++++++++
[   26.698215] cloud-init[698]: ci-info: +--------+------+-----------------------------+---------------+--------+-------------------+
[   26.706663] cloud-init[698]: ci-info: | Device |  Up  |           Address           |      Mask     | Scope  |     Hw-Address    |
[   26.724689] cloud-init[698]: ci-info: +--------+------+-----------------------------+---------------+--------+-------------------+
[   26.729957] cloud-init[698]: ci-info: | enp0s3 | True |          10.0.2.15          | 255.255.255.0 | global | 02:06:b1:f3:7b:7f |
[   26.748897] cloud-init[698]: ci-info: | enp0s3 | True |  fe80::6:b1ff:fef3:7b7f/64  |       .       |  link  | 02:06:b1:f3:7b:7f |
[   26.761274] cloud-init[698]: ci-info: | enp0s8 | True |        192.168.33.10        | 255.255.255.0 | global | 08:00:27:46:aa:ff |
[   26.776387] cloud-init[698]: ci-info: | enp0s8 | True | fe80::a00:27ff:fe46:aaff/64 |       .       |  link  | 08:00:27:46:aa:ff |
[   26.804989] cloud-init[698]: ci-info: |   lo   | True |          127.0.0.1          |   255.0.0.0   |  host  |         .         |
[   26.822135] cloud-init[698]: ci-info: |   lo   | True |           ::1/128           |       .       |  host  |         .         |
[   26.837823] cloud-init[698]: ci-info: +--------+------+-----------------------------+---------------+--------+-------------------+
[   26.852666] cloud-init[698]: ci-info: +++++++++++++++++++++++++++++Route IPv4 info+++++++++++++++++++++++++++++
[   26.864832] cloud-init[698]: ci-info: +-------+--------------+----------+-----------------+-----------+-------+
[   26.874200] cloud-init[698]: ci-info: | Route | Destination  | Gateway  |     Genmask     | Interface | Flags |
[   26.908856] cloud-init[698]: ci-info: +-------+--------------+----------+-----------------+-----------+-------+
[   26.923407] cloud-init[698]: ci-info: |   0   |   0.0.0.0    | 10.0.2.2 |     0.0.0.0     |   enp0s3  |   UG  |
[   26.926626] cloud-init[698]: ci-info: |   1   |   10.0.2.0   | 0.0.0.0  |  255.255.255.0  |   enp0s3  |   U   |
[   26.964365] cloud-init[698]: ci-info: |   2   |   10.0.2.2   | 0.0.0.0  | 255.255.255.255 |   enp0s3  |   UH  |
[   26.983579] cloud-init[698]: ci-info: |   3   | 192.168.33.0 | 0.0.0.0  |  255.255.255.0  |   enp0s8  |   U   |
[   26.988142] cloud-init[698]: ci-info: +-------+--------------+----------+-----------------+-----------+-------+
[   26.991051] cloud-init[698]: ci-info: +++++++++++++++++++Route IPv6 info+++++++++++++++++++
[   26.995341] cloud-init[698]: ci-info: +-------+-------------+---------+-----------+-------+
[   27.012782] cloud-init[698]: ci-info: | Route | Destination | Gateway | Interface | Flags |
[   27.015426] cloud-init[698]: ci-info: +-------+-------------+---------+-----------+-------+
[   27.017808] cloud-init[698]: ci-info: |   1   |  fe80::/64  |    ::   |   enp0s8  |   U   |
[   27.044587] cloud-init[698]: ci-info: |   2   |  fe80::/64  |    ::   |   enp0s3  |   U   |
[   27.050530] cloud-init[698]: ci-info: |   4   |    local    |    ::   |   enp0s3  |   U   |
[   27.053122] cloud-init[698]: ci-info: |   5   |    local    |    ::   |   enp0s8  |   U   |
[[0;32m  OK  [0m] Started Initial cloud-init job (metadata service crawler).
[[0;32m  OK  [0m] Reached target Network is Online.
[   27.075184] cloud-init[698]: ci-info: |   6   |   ff00::/8  |    ::   |   enp0s8  |   U   |
         Starting Availability of block devices...
[[0;32m  OK  [0m] Reached target Remote File Systems (Pre).
[[0;32m  OK  [0m] Reached target Remote File Systems.
[[0;32m  OK  [0m] Reached target Cloud-config availability.
[[0;32m  OK  [0m] Reached target System Initialization.
[   27.109619] cloud-init[698]: ci-info: |   7   |   ff00::/8  |    ::   |   enp0s3  |   U   |
         Starting LXD - unix socket.
[   27.186867] cloud-init[698]: ci-info: +-------+-------------+---------+-----------+-------+
         Starting Socket activation for snappy daemon.
[[0;32m  OK  [0m] Started Discard unused blocks once a week.
[[0;32m  OK  [0m] Started Message of the Day.
[[0;32m  OK  [0m] Started Daily Cleanup of Temporary Directories.
[[0;32m  OK  [0m] Listening on D-Bus System Message Bus Socket.
[[0;32m  OK  [0m] Started Daily apt download activities.
[[0;32m  OK  [0m] Listening on UUID daemon activation socket.
[[0;32m  OK  [0m] Listening on Open-iSCSI iscsid Socket.
[[0;32m  OK  [0m] Started Daily apt upgrade and clean activities.
[[0;32m  OK  [0m] Reached target Timers.
[[0;32m  OK  [0m] Started ACPI Events Check.
[[0;32m  OK  [0m] Reached target Paths.
[[0;32m  OK  [0m] Listening on ACPID Listen Socket.
[[0;32m  OK  [0m] Started Availability of block devices.
[[0;32m  OK  [0m] Listening on LXD - unix socket.
[[0;32m  OK  [0m] Listening on Socket activation for snappy daemon.
[[0;32m  OK  [0m] Reached target Sockets.
[[0;32m  OK  [0m] Reached target Basic System.
         Starting LSB: automatic crash report generation...
         Starting Dispatcher daemon for systemd-networkd...
         Starting LSB: Record successful boot for GRUB...
[[0;32m  OK  [0m] Started FUSE filesystem for LXC.
         Starting Permit User Sessions...
         Starting Accounts Service...
         Starting vboxadd.service...
         Starting OpenBSD Secure Shell server...
[[0;32m  OK  [0m] Started irqbalance daemon.
[[0;32m  OK  [0m] Started Deferred execution scheduler.
         Starting System Logging Service...
         Starting Login Service...
         Starting Snappy daemon...
[[0;32m  OK  [0m] Started Regular background program processing daemon.
[[0;32m  OK  [0m] Started D-Bus System Message Bus.
[[0;32m  OK  [0m] Started Login Service.
[[0;32m  OK  [0m] Started Unattended Upgrades Shutdown.
         Starting LXD - container startup/shutdown...
[[0;32m  OK  [0m] Started System Logging Service.
[[0;32m  OK  [0m] Started Dispatcher daemon for systemd-networkd.
[[0;32m  OK  [0m] Started Permit User Sessions.
[[0;32m  OK  [0m] Started Snappy daemon.
         Starting Wait until snapd is fully seeded...
         Starting Hold until boot process finishes up...
         Starting Terminate Plymouth Boot Screen...
[[0;32m  OK  [0m] Started Hold until boot process finishes up.
[[0;32m  OK  [0m] Started OpenBSD Secure Shell server.
[[0;32m  OK  [0m] Started Terminate Plymouth Boot Screen.
         Starting Authorization Manager...
         Starting Set console scheme...
[[0;32m  OK  [0m] Started Serial Getty on ttyS0.
[[0;32m  OK  [0m] Started Set console scheme.
[[0;32m  OK  [0m] Created slice system-getty.slice.
[[0;32m  OK  [0m] Started Getty on tty1.
[[0;32m  OK  [0m] Reached target Login Prompts.
[[0;32m  OK  [0m] Started Wait until snapd is fully seeded.
         Starting Apply the settings specified in cloud-config...
[[0;32m  OK  [0m] Started vboxadd.service.
         Starting vboxadd-service.service...
[[0;32m  OK  [0m] Started LSB: Record successful boot for GRUB.
[[0;32m  OK  [0m] Started Authorization Manager.
[[0;32m  OK  [0m] Started LSB: automatic crash report generation.
[[0;32m  OK  [0m] Started Accounts Service.
[[0;32m  OK  [0m] Started vboxadd-service.service.
[[0;32m  OK  [0m] Started LXD - container startup/shutdown.
[[0;32m  OK  [0m] Reached target Multi-User System.
[[0;32m  OK  [0m] Reached target Graphical Interface.
         Starting Update UTMP about System Runlevel Changes...
[[0;32m  OK  [0m] Started Update UTMP about System Runlevel Changes.
[[0;32m  OK  [0m] Created slice User Slice of vagrant.
         Starting User Manager for UID 1000...
[[0;32m  OK  [0m] Started Session 1 of user vagrant.
[[0;32m  OK  [0m] Started User Manager for UID 1000.
[   29.991010] cloud-init[1071]: Cloud-init v. 19.1-1-gbaa47854-0ubuntu1~18.04.1 running 'modules:config' at Thu, 05 Sep 2019 09:42:59 +0000. Up 29.71 seconds.
[[0;32m  OK  [0m] Started Apply the settings specified in cloud-config.
         Starting Execute cloud user/final scripts...
[   30.895394] cloud-init[1195]: Cloud-init v. 19.1-1-gbaa47854-0ubuntu1~18.04.1 running 'modules:final' at Thu, 05 Sep 2019 09:43:00 +0000. Up 30.73 seconds.
[   30.932483] cloud-init[1195]: Cloud-init v. 19.1-1-gbaa47854-0ubuntu1~18.04.1 finished at Thu, 05 Sep 2019 09:43:00 +0000. Datasource DataSourceNoCloud [seed=/dev/sdb][dsmode=net].  Up 30.88 seconds
[[0;32m  OK  [0m] Started Execute cloud user/final scripts.
[[0;32m  OK  [0m] Reached target Cloud-init target.

Ubuntu 18.04.2 LTS ubuntu-bionic ttyS0

ubuntu-bionic login: 